#
# A fatal error has been detected by the Java Runtime Environment:
#
#  SIGSEGV (0xb) at pc=0x0000000103049328, pid=1071, tid=18435
#
# JRE version: Java(TM) SE Runtime Environment (8.0_73-b02) (build 1.8.0_73-b02)
# Java VM: Java HotSpot(TM) 64-Bit Server VM (25.73-b02 mixed mode bsd-amd64 compressed oops)
# Problematic frame:
# V  [libjvm.dylib+0x49328]  MachNode::ideal_reg() const+0xe
#
# Failed to write core dump. Core dumps have been disabled. To enable core dumping, try "ulimit -c unlimited" before starting Java again
#
# If you would like to submit a bug report, please visit:
#   http://bugreport.java.com/bugreport/crash.jsp
#

---------------  T H R E A D  ---------------

Current thread (0x00007ffd95819000):  JavaThread "C2 CompilerThread0" daemon [_thread_in_native, id=18435, stack(0x000070000fe43000,0x000070000ff43000)]

siginfo: si_signo: 11 (SIGSEGV), si_code: 1 (SEGV_MAPERR), si_addr: 0x00000801038492d8

Registers:
RAX=0x0000080103849200, RBX=0x0000000000000020, RCX=0x00000001038e2a40, RDX=0x0000000000000000
RSP=0x000070000ff3f380, RBP=0x000070000ff3f380, RSI=0x0000000000000000, RDI=0x00007ffd9a6d2d50
R8 =0x0000000000000003, R9 =0x0000000000000a7c, R10=0x00007ffd9a577a01, R11=0xffffffffff9e6138
R12=0x00007ffd9a579500, R13=0x000070000ff41f01, R14=0x00000001038ce370, R15=0x00007ffd9a579a01
RIP=0x0000000103049328, EFLAGS=0x0000000000010246, ERR=0x0000000000000004
  TRAPNO=0x000000000000000e

Top of Stack: (sp=0x000070000ff3f380)
0x000070000ff3f380:   000070000ff3f730 00000001034ce549
0x000070000ff3f390:   00007ffd00000001 0000700000000000
0x000070000ff3f3a0:   000070000ff3f678 0000000100000010
0x000070000ff3f3b0:   000070000ff3f3d0 00007ffd9a5795f0
0x000070000ff3f3c0:   000000610ff3f420 0000000000000094
0x000070000ff3f3d0:   00007ffd98f19650 00007ffd98f19690
0x000070000ff3f3e0:   00000000000000ff 0000000120a997a8
0x000070000ff3f3f0:   00007ffd9abb9210 0000000000006798
0x000070000ff3f400:   000000000ff404f8 0000000120a93010
0x000070000ff3f410:   000070000ff40608 0000000000000094
0x000070000ff3f420:   fffffffd00000002 00007ffd9a577ab0
0x000070000ff3f430:   00007ffd9a576410 00007ffd98272710
0x000070000ff3f440:   0000000300000004 00007ffd9846b2d8
0x000070000ff3f450:   00000000000029d8 0000000000000002
0x000070000ff3f460:   00007ffd9a7b4c30 00007ffd9a579150
0x000070000ff3f470:   0000000000000000 00007ffd9a7b4790
0x000070000ff3f480:   00007ffd00000003 0000000000000010
0x000070000ff3f490:   0000000000000002 0000000000000003
0x000070000ff3f4a0:   000070000ff404f8 00007ffd9a6d2d00
0x000070000ff3f4b0:   00007ffd9abb9200 0101010105555455
0x000070000ff3f4c0:   0101010101010101 0000000001010101
0x000070000ff3f4d0:   0000000000000000 0000000000000000
0x000070000ff3f4e0:   0000091e00000000 000070000ff3f9e8
0x000070000ff3f4f0:   000000010000000f 00007ffd98270290
0x000070000ff3f500:   0000091e00000094 000070000ff3f9e8
0x000070000ff3f510:   000000000000000f 00007ffd9826de10
0x000070000ff3f520:   000002d320a93128 000070000ff3f9e8
0x000070000ff3f530:   00007ffd975561d0 00007ffd975561e0
0x000070000ff3f540:   00007ffd975565b8 00000000000003d8
0x000070000ff3f550:   0000000000000000 0000091e00000000
0x000070000ff3f560:   000070000ff3f9e8 000000000000000f
0x000070000ff3f570:   00007ffd98270290 0000091e00000000 

Instructions: (pc=0x0000000103049328)
0x0000000103049308:   55 48 89 e5 31 c0 5d c3 55 48 89 e5 48 89 f8 5d
0x0000000103049318:   c3 90 55 48 89 e5 48 8b 47 38 48 8b 38 48 8b 07
0x0000000103049328:   ff 90 d8 00 00 00 48 8d 0d 63 e4 8a 00 48 3b 01
0x0000000103049338:   74 15 48 63 40 10 48 c1 e0 05 48 8d 0d 37 6e 7e 

Register to memory mapping:

RAX=0x0000080103849200 is an unknown value
RBX=0x0000000000000020 is an unknown value
RCX=0x00000001038e2a40: _ZN7Matcher15STACK_ONLY_maskE+0 in /Library/Java/JavaVirtualMachines/jdk1.8.0_73.jdk/Contents/Home/jre/lib/server/libjvm.dylib at 0x0000000103000000
RDX=0x0000000000000000 is an unknown value
RSP=0x000070000ff3f380 is pointing into the stack for thread: 0x00007ffd95819000
RBP=0x000070000ff3f380 is pointing into the stack for thread: 0x00007ffd95819000
RSI=0x0000000000000000 is an unknown value
RDI=0x00007ffd9a6d2d50 is an unknown value
R8 =0x0000000000000003 is an unknown value
R9 =0x0000000000000a7c is an unknown value
R10=0x00007ffd9a577a01 is an unknown value
R11=0xffffffffff9e6138 is an unknown value
R12=0x00007ffd9a579500 is an unknown value
R13=0x000070000ff41f01 is pointing into the stack for thread: 0x00007ffd95819000
R14=0x00000001038ce370: _INT_REG_WITH_RBP_mask+0 in /Library/Java/JavaVirtualMachines/jdk1.8.0_73.jdk/Contents/Home/jre/lib/server/libjvm.dylib at 0x0000000103000000
R15=0x00007ffd9a579a01 is an unknown value


Stack: [0x000070000fe43000,0x000070000ff43000],  sp=0x000070000ff3f380,  free space=1008k
Native frames: (J=compiled Java code, j=interpreted, Vv=VM code, C=native code)
V  [libjvm.dylib+0x49328]  MachNode::ideal_reg() const+0xe
V  [libjvm.dylib+0x4ce549]  PhaseChaitin::Split(unsigned int, ResourceArea*)+0x1c31
V  [libjvm.dylib+0x160327]  PhaseChaitin::Register_Allocate()+0x343
V  [libjvm.dylib+0x1ade60]  Compile::Code_Gen()+0x14e
V  [libjvm.dylib+0x1b1cb4]  Compile::Compile(ciEnv*, C2Compiler*, ciMethod*, int, bool, bool, bool)+0x970
V  [libjvm.dylib+0x14f93e]  C2Compiler::compile_method(ciEnv*, ciMethod*, int)+0xac
V  [libjvm.dylib+0x1b529a]  CompileBroker::invoke_compiler_on_method(CompileTask*)+0x5b2
V  [libjvm.dylib+0x1b77e1]  CompileBroker::compiler_thread_loop()+0x291
V  [libjvm.dylib+0x561753]  JavaThread::thread_main_inner()+0x9b
V  [libjvm.dylib+0x562e4e]  JavaThread::run()+0x1c2
V  [libjvm.dylib+0x4838a2]  java_start(Thread*)+0xf6
C  [libsystem_pthread.dylib+0x3661]  _pthread_body+0x154
C  [libsystem_pthread.dylib+0x350d]  _pthread_body+0x0
C  [libsystem_pthread.dylib+0x2bf9]  thread_start+0xd
C  0x0000000000000000


Current CompileTask:
C2: 102381 6816   !   4       sun.misc.URLClassPath$JarLoader::getResource (349 bytes)


---------------  P R O C E S S  ---------------

Java Threads: ( => current thread )
  0x00007ffd9bfa9000 JavaThread "Eureka-MeasureRateTimer" daemon [_thread_blocked, id=41731, stack(0x0000700010d70000,0x0000700010e70000)]
  0x00007ffd9a044800 JavaThread "ReplicaAwareInstanceRegistry - RenewalThresholdUpdater" daemon [_thread_blocked, id=42243, stack(0x0000700010c6d000,0x0000700010d6d000)]
  0x00007ffd9bf5a800 JavaThread "Eureka-MeasureRateTimer" daemon [_thread_blocked, id=42755, stack(0x0000700010b6a000,0x0000700010c6a000)]
  0x00007ffd9adff000 JavaThread "Eureka-EvictionTimer" daemon [_thread_blocked, id=43267, stack(0x0000700010a67000,0x0000700010b67000)]
  0x00007ffd9bf59800 JavaThread "Eureka-DeltaRetentionTimer" daemon [_thread_blocked, id=22019, stack(0x0000700010964000,0x0000700010a64000)]
  0x00007ffd98a9d000 JavaThread "spring.cloud.inetutils" daemon [_thread_blocked, id=15619, stack(0x0000700010861000,0x0000700010961000)]
  0x00007ffd9ad62000 JavaThread "container-0" [_thread_blocked, id=15363, stack(0x000070001075e000,0x000070001085e000)]
  0x00007ffd9a3ec000 JavaThread "ContainerBackgroundProcessor[StandardEngine[Tomcat]]" daemon [_thread_blocked, id=15107, stack(0x000070001065b000,0x000070001075b000)]
  0x00007ffd9b047000 JavaThread "localhost-startStop-1" daemon [_thread_blocked, id=14595, stack(0x0000700010558000,0x0000700010658000)]
  0x00007ffd9a1b2800 JavaThread "Tomcat-startStop-1" daemon [_thread_blocked, id=16659, stack(0x0000700010455000,0x0000700010555000)]
  0x00007ffd97833000 JavaThread "main" [_thread_in_native, id=10247, stack(0x0000700010352000,0x0000700010452000)]
  0x00007ffd9684a000 JavaThread "Service Thread" daemon [_thread_blocked, id=17155, stack(0x000070001014c000,0x000070001024c000)]
  0x00007ffd95837800 JavaThread "C1 CompilerThread2" daemon [_thread_blocked, id=17667, stack(0x0000700010049000,0x0000700010149000)]
  0x00007ffd95836800 JavaThread "C2 CompilerThread1" daemon [_thread_blocked, id=13827, stack(0x000070000ff46000,0x0000700010046000)]
=>0x00007ffd95819000 JavaThread "C2 CompilerThread0" daemon [_thread_in_native, id=18435, stack(0x000070000fe43000,0x000070000ff43000)]
  0x00007ffd96031800 JavaThread "Signal Dispatcher" daemon [_thread_blocked, id=18947, stack(0x000070000fd40000,0x000070000fe40000)]
  0x00007ffd9682a000 JavaThread "Finalizer" daemon [_thread_blocked, id=11523, stack(0x000070000fc3d000,0x000070000fd3d000)]
  0x00007ffd96800000 JavaThread "Reference Handler" daemon [_thread_blocked, id=20739, stack(0x000070000fb3a000,0x000070000fc3a000)]
  0x00007ffd96001000 JavaThread "main" [_thread_blocked, id=6915, stack(0x000070000f528000,0x000070000f628000)]

Other Threads:
  0x00007ffd95810800 VMThread [stack: 0x000070000fa37000,0x000070000fb37000] [id=11267]
  0x00007ffd9500e000 WatcherThread [stack: 0x000070001024f000,0x000070001034f000] [id=14083]

VM state:not at safepoint (normal execution)

VM Mutex/Monitor currently owned by a thread: None

Heap:
 PSYoungGen      total 94720K, used 58925K [0x000000076ab00000, 0x0000000773680000, 0x00000007c0000000)
  eden space 72192K, 55% used [0x000000076ab00000,0x000000076d1cf718,0x000000076f180000)
  from space 22528K, 85% used [0x000000076f180000,0x000000077043bd88,0x0000000770780000)
  to   space 24576K, 0% used [0x0000000771e80000,0x0000000771e80000,0x0000000773680000)
 ParOldGen       total 142336K, used 28640K [0x00000006c0000000, 0x00000006c8b00000, 0x000000076ab00000)
  object space 142336K, 20% used [0x00000006c0000000,0x00000006c1bf82b8,0x00000006c8b00000)
 Metaspace       used 51996K, capacity 52912K, committed 53248K, reserved 1095680K
  class space    used 6638K, capacity 6908K, committed 6912K, reserved 1048576K

Card table byte_map: [0x0000000104382000,0x0000000104b83000] byte_map_base: 0x0000000100d82000

Marking Bits: (ParMarkBitMap*) 0x00000001038e3ea0
 Begin Bits: [0x0000000116fb7000, 0x000000011afb7000)
 End Bits:   [0x000000011afb7000, 0x000000011efb7000)

Polling page: 0x00000001027d1000

CodeCache: size=245760Kb used=20640Kb max_used=20655Kb free=225119Kb
 bounds [0x0000000107fb7000, 0x0000000109407000, 0x0000000116fb7000]
 total_blobs=6174 nmethods=5724 adapters=362
 compilation: enabled

Compilation events (10 events):
Event: 101.416 Thread 0x00007ffd95819000 6812       4       java.util.Collections$UnmodifiableCollection$1::next (10 bytes)
Event: 101.416 Thread 0x00007ffd95819000 nmethod 6812 0x0000000109140c50 code [0x0000000109140da0, 0x0000000109140e38]
Event: 101.416 Thread 0x00007ffd95819000 6814       4       java.util.concurrent.ConcurrentHashMap$Node::<init> (26 bytes)
Event: 101.417 Thread 0x00007ffd95837800 6813   !   3       java.util.concurrent.ConcurrentHashMap::putVal (362 bytes)
Event: 101.418 Thread 0x00007ffd95819000 nmethod 6814 0x00000001092d46d0 code [0x00000001092d4820, 0x00000001092d48d8]
Event: 101.419 Thread 0x00007ffd95837800 nmethod 6813 0x00000001093d51d0 code [0x00000001093d5480, 0x00000001093d6db8]
Event: 101.421 Thread 0x00007ffd95837800 6815 % !   3       java.util.concurrent.ConcurrentHashMap::transfer @ 99 (832 bytes)
Event: 101.425 Thread 0x00007ffd95837800 nmethod 6815% 0x00000001093df1d0 code [0x00000001093df540, 0x00000001093e1d08]
Event: 101.441 Thread 0x00007ffd95836800 nmethod 6811 0x00000001093e6dd0 code [0x00000001093e6fe0, 0x00000001093e8df0]
Event: 101.445 Thread 0x00007ffd95819000 6816   !   4       sun.misc.URLClassPath$JarLoader::getResource (349 bytes)

GC Heap History (10 events):
Event: 89.239 GC heap before
{Heap before GC invocations=13 (full 2):
 PSYoungGen      total 78848K, used 62599K [0x000000076ab00000, 0x0000000771780000, 0x00000007c0000000)
  eden space 58368K, 100% used [0x000000076ab00000,0x000000076e400000,0x000000076e400000)
  from space 20480K, 20% used [0x000000076f880000,0x000000076fca1e50,0x0000000770c80000)
  to   space 20992K, 0% used [0x000000076e400000,0x000000076e400000,0x000000076f880000)
 ParOldGen       total 142336K, used 28600K [0x00000006c0000000, 0x00000006c8b00000, 0x000000076ab00000)
  object space 142336K, 20% used [0x00000006c0000000,0x00000006c1bee2b8,0x00000006c8b00000)
 Metaspace       used 38391K, capacity 39186K, committed 39680K, reserved 1083392K
  class space    used 4752K, capacity 5000K, committed 5120K, reserved 1048576K
Event: 89.245 GC heap after
Heap after GC invocations=13 (full 2):
 PSYoungGen      total 64512K, used 6713K [0x000000076ab00000, 0x0000000770b00000, 0x00000007c0000000)
  eden space 57344K, 0% used [0x000000076ab00000,0x000000076ab00000,0x000000076e300000)
  from space 7168K, 93% used [0x000000076e400000,0x000000076ea8e720,0x000000076eb00000)
  to   space 20480K, 0% used [0x000000076f700000,0x000000076f700000,0x0000000770b00000)
 ParOldGen       total 142336K, used 28608K [0x00000006c0000000, 0x00000006c8b00000, 0x000000076ab00000)
  object space 142336K, 20% used [0x00000006c0000000,0x00000006c1bf02b8,0x00000006c8b00000)
 Metaspace       used 38391K, capacity 39186K, committed 39680K, reserved 1083392K
  class space    used 4752K, capacity 5000K, committed 5120K, reserved 1048576K
}
Event: 90.618 GC heap before
{Heap before GC invocations=14 (full 2):
 PSYoungGen      total 64512K, used 64057K [0x000000076ab00000, 0x0000000770b00000, 0x00000007c0000000)
  eden space 57344K, 100% used [0x000000076ab00000,0x000000076e300000,0x000000076e300000)
  from space 7168K, 93% used [0x000000076e400000,0x000000076ea8e720,0x000000076eb00000)
  to   space 20480K, 0% used [0x000000076f700000,0x000000076f700000,0x0000000770b00000)
 ParOldGen       total 142336K, used 28608K [0x00000006c0000000, 0x00000006c8b00000, 0x000000076ab00000)
  object space 142336K, 20% used [0x00000006c0000000,0x00000006c1bf02b8,0x00000006c8b00000)
 Metaspace       used 40128K, capacity 40872K, committed 41344K, reserved 1085440K
  class space    used 4937K, capacity 5169K, committed 5248K, reserved 1048576K
Event: 90.635 GC heap after
Heap after GC invocations=14 (full 2):
 PSYoungGen      total 77824K, used 6635K [0x000000076ab00000, 0x0000000771900000, 0x00000007c0000000)
  eden space 57344K, 0% used [0x000000076ab00000,0x000000076ab00000,0x000000076e300000)
  from space 20480K, 32% used [0x000000076f700000,0x000000076fd7af08,0x0000000770b00000)
  to   space 20480K, 0% used [0x000000076e300000,0x000000076e300000,0x000000076f700000)
 ParOldGen       total 142336K, used 28616K [0x00000006c0000000, 0x00000006c8b00000, 0x000000076ab00000)
  object space 142336K, 20% used [0x00000006c0000000,0x00000006c1bf22b8,0x00000006c8b00000)
 Metaspace       used 40128K, capacity 40872K, committed 41344K, reserved 1085440K
  class space    used 4937K, capacity 5169K, committed 5248K, reserved 1048576K
}
Event: 92.162 GC heap before
{Heap before GC invocations=15 (full 2):
 PSYoungGen      total 77824K, used 63979K [0x000000076ab00000, 0x0000000771900000, 0x00000007c0000000)
  eden space 57344K, 100% used [0x000000076ab00000,0x000000076e300000,0x000000076e300000)
  from space 20480K, 32% used [0x000000076f700000,0x000000076fd7af08,0x0000000770b00000)
  to   space 20480K, 0% used [0x000000076e300000,0x000000076e300000,0x000000076f700000)
 ParOldGen       total 142336K, used 28616K [0x00000006c0000000, 0x00000006c8b00000, 0x000000076ab00000)
  object space 142336K, 20% used [0x00000006c0000000,0x00000006c1bf22b8,0x00000006c8b00000)
 Metaspace       used 43476K, capacity 44282K, committed 44544K, reserved 1087488K
  class space    used 5354K, capacity 5620K, committed 5632K, reserved 1048576K
Event: 92.176 GC heap after
Heap after GC invocations=15 (full 2):
 PSYoungGen      total 77824K, used 15839K [0x000000076ab00000, 0x0000000771c80000, 0x00000007c0000000)
  eden space 57344K, 0% used [0x000000076ab00000,0x000000076ab00000,0x000000076e300000)
  from space 20480K, 77% used [0x000000076e300000,0x000000076f277f28,0x000000076f700000)
  to   space 21504K, 0% used [0x0000000770780000,0x0000000770780000,0x0000000771c80000)
 ParOldGen       total 142336K, used 28624K [0x00000006c0000000, 0x00000006c8b00000, 0x000000076ab00000)
  object space 142336K, 20% used [0x00000006c0000000,0x00000006c1bf42b8,0x00000006c8b00000)
 Metaspace       used 43476K, capacity 44282K, committed 44544K, reserved 1087488K
  class space    used 5354K, capacity 5620K, committed 5632K, reserved 1048576K
}
Event: 93.786 GC heap before
{Heap before GC invocations=16 (full 2):
 PSYoungGen      total 77824K, used 73183K [0x000000076ab00000, 0x0000000771c80000, 0x00000007c0000000)
  eden space 57344K, 100% used [0x000000076ab00000,0x000000076e300000,0x000000076e300000)
  from space 20480K, 77% used [0x000000076e300000,0x000000076f277f28,0x000000076f700000)
  to   space 21504K, 0% used [0x0000000770780000,0x0000000770780000,0x0000000771c80000)
 ParOldGen       total 142336K, used 28624K [0x00000006c0000000, 0x00000006c8b00000, 0x000000076ab00000)
  object space 142336K, 20% used [0x00000006c0000000,0x00000006c1bf42b8,0x00000006c8b00000)
 Metaspace       used 43991K, capacity 44754K, committed 45184K, reserved 1089536K
  class space    used 5431K, capacity 5688K, committed 5760K, reserved 1048576K
Event: 93.814 GC heap after
Heap after GC invocations=16 (full 2):
 PSYoungGen      total 93696K, used 16238K [0x000000076ab00000, 0x0000000772180000, 0x00000007c0000000)
  eden space 72192K, 0% used [0x000000076ab00000,0x000000076ab00000,0x000000076f180000)
  from space 21504K, 75% used [0x0000000770780000,0x000000077175bb70,0x0000000771c80000)
  to   space 22528K, 0% used [0x000000076f180000,0x000000076f180000,0x0000000770780000)
 ParOldGen       total 142336K, used 28632K [0x00000006c0000000, 0x00000006c8b00000, 0x000000076ab00000)
  object space 142336K, 20% used [0x00000006c0000000,0x00000006c1bf62b8,0x00000006c8b00000)
 Metaspace       used 43991K, capacity 44754K, committed 45184K, reserved 1089536K
  class space    used 5431K, capacity 5688K, committed 5760K, reserved 1048576K
}
Event: 99.318 GC heap before
{Heap before GC invocations=17 (full 2):
 PSYoungGen      total 93696K, used 88430K [0x000000076ab00000, 0x0000000772180000, 0x00000007c0000000)
  eden space 72192K, 100% used [0x000000076ab00000,0x000000076f180000,0x000000076f180000)
  from space 21504K, 75% used [0x0000000770780000,0x000000077175bb70,0x0000000771c80000)
  to   space 22528K, 0% used [0x000000076f180000,0x000000076f180000,0x0000000770780000)
 ParOldGen       total 142336K, used 28632K [0x00000006c0000000, 0x00000006c8b00000, 0x000000076ab00000)
  object space 142336K, 20% used [0x00000006c0000000,0x00000006c1bf62b8,0x00000006c8b00000)
 Metaspace       used 49104K, capacity 49898K, committed 50304K, reserved 1093632K
  class space    used 6263K, capacity 6508K, committed 6528K, reserved 1048576K
Event: 99.332 GC heap after
Heap after GC invocations=17 (full 2):
 PSYoungGen      total 94720K, used 19183K [0x000000076ab00000, 0x0000000773680000, 0x00000007c0000000)
  eden space 72192K, 0% used [0x000000076ab00000,0x000000076ab00000,0x000000076f180000)
  from space 22528K, 85% used [0x000000076f180000,0x000000077043bd88,0x0000000770780000)
  to   space 24576K, 0% used [0x0000000771e80000,0x0000000771e80000,0x0000000773680000)
 ParOldGen       total 142336K, used 28640K [0x00000006c0000000, 0x00000006c8b00000, 0x000000076ab00000)
  object space 142336K, 20% used [0x00000006c0000000,0x00000006c1bf82b8,0x00000006c8b00000)
 Metaspace       used 49104K, capacity 49898K, committed 50304K, reserved 1093632K
  class space    used 6263K, capacity 6508K, committed 6528K, reserved 1048576K
}

Deoptimization events (10 events):
Event: 100.927 Thread 0x00007ffd97833000 Uncommon trap: reason=bimorphic action=maybe_recompile pc=0x0000000108e58d50 method=java.util.Hashtable.put(Ljava/lang/Object;Ljava/lang/Object;)Ljava/lang/Object; @ 18
Event: 100.932 Thread 0x00007ffd97833000 Uncommon trap: reason=unstable_if action=reinterpret pc=0x0000000108a6f504 method=java.math.MutableBigInteger.divideKnuth(Ljava/math/MutableBigInteger;Ljava/math/MutableBigInteger;Z)Ljava/math/MutableBigInteger; @ 59
Event: 101.011 Thread 0x00007ffd97833000 Uncommon trap: reason=unstable_if action=reinterpret pc=0x0000000108d8ac90 method=java.util.jar.JarFile.getInputStream(Ljava/util/zip/ZipEntry;)Ljava/io/InputStream; @ 37
Event: 101.084 Thread 0x00007ffd97833000 Uncommon trap: reason=unstable_if action=reinterpret pc=0x00000001090cc360 method=java.util.jar.JarFile$JarFileEntry.getCodeSigners()[Ljava/security/CodeSigner; @ 24
Event: 101.084 Thread 0x00007ffd97833000 Uncommon trap: reason=unstable_if action=reinterpret pc=0x00000001090b015c method=java.security.CodeSource.<init>(Ljava/net/URL;[Ljava/security/CodeSigner;)V @ 25
Event: 101.084 Thread 0x00007ffd97833000 Uncommon trap: reason=unstable_if action=reinterpret pc=0x00000001092f716c method=java.security.CodeSource.getCertificates()[Ljava/security/cert/Certificate; @ 22
Event: 101.085 Thread 0x00007ffd97833000 Uncommon trap: reason=unstable_if action=reinterpret pc=0x00000001088f2dfc method=java.security.CodeSource.getCertificates()[Ljava/security/cert/Certificate; @ 4
Event: 101.322 Thread 0x00007ffd97833000 Uncommon trap: reason=unstable_if action=reinterpret pc=0x0000000108a28868 method=java.io.BufferedReader.readLine(Z)Ljava/lang/String; @ 192
Event: 101.415 Thread 0x00007ffd97833000 Uncommon trap: reason=unstable_if action=reinterpret pc=0x0000000108c4488c method=java.util.concurrent.ConcurrentHashMap.putVal(Ljava/lang/Object;Ljava/lang/Object;Z)Ljava/lang/Object; @ 331
Event: 101.418 Thread 0x00007ffd97833000 Uncommon trap: reason=unstable_if action=reinterpret pc=0x00000001083a6320 method=java.util.concurrent.ConcurrentHashMap.transfer([Ljava/util/concurrent/ConcurrentHashMap$Node;[Ljava/util/concurrent/ConcurrentHashMap$Node;)V @ 356

Internal exceptions (10 events):
Event: 100.309 Thread 0x00007ffd97833000 Exception <a 'java/lang/ClassNotFoundException': com/netflix/eureka/registry/PeerAwareInstanceRegistryImplCustomizer> (0x000000076c589048) thrown at [/HUDSON3/workspace/8-2-build-macosx-x86_64/jdk8u73/6086/hotspot/src/share/vm/classfile/systemDictionary.c
Event: 100.310 Thread 0x00007ffd97833000 Exception <a 'java/lang/ClassNotFoundException': org/springframework/cloud/netflix/eureka/server/InstanceRegistryCustomizer> (0x000000076c5c9ee0) thrown at [/HUDSON3/workspace/8-2-build-macosx-x86_64/jdk8u73/6086/hotspot/src/share/vm/classfile/systemDicti
Event: 100.311 Thread 0x00007ffd97833000 Exception <a 'java/lang/ClassNotFoundException': org/springframework/context/ApplicationContextAwareCustomizer> (0x000000076c61dcf0) thrown at [/HUDSON3/workspace/8-2-build-macosx-x86_64/jdk8u73/6086/hotspot/src/share/vm/classfile/systemDictionary.cpp, li
Event: 100.312 Thread 0x00007ffd97833000 Exception <a 'java/lang/ClassNotFoundException': com/netflix/eureka/registry/PeerAwareInstanceRegistryCustomizer> (0x000000076c6425f0) thrown at [/HUDSON3/workspace/8-2-build-macosx-x86_64/jdk8u73/6086/hotspot/src/share/vm/classfile/systemDictionary.cpp, 
Event: 100.312 Thread 0x00007ffd97833000 Exception <a 'java/lang/ClassNotFoundException': com/netflix/eureka/registry/InstanceRegistryCustomizer> (0x000000076c664e60) thrown at [/HUDSON3/workspace/8-2-build-macosx-x86_64/jdk8u73/6086/hotspot/src/share/vm/classfile/systemDictionary.cpp, line 210]
Event: 100.322 Thread 0x00007ffd97833000 Exception <a 'java/lang/ClassNotFoundException': java/lang/ObjectCustomizer> (0x000000076c6cdfd8) thrown at [/HUDSON3/workspace/8-2-build-macosx-x86_64/jdk8u73/6086/hotspot/src/share/vm/classfile/systemDictionary.cpp, line 210]
Event: 100.322 Thread 0x00007ffd97833000 Exception <a 'java/lang/ClassNotFoundException': com/netflix/eureka/cluster/PeerEurekaNodesCustomizer> (0x000000076c6f0588) thrown at [/HUDSON3/workspace/8-2-build-macosx-x86_64/jdk8u73/6086/hotspot/src/share/vm/classfile/systemDictionary.cpp, line 210]
Event: 100.327 Thread 0x00007ffd97833000 Exception <a 'java/lang/ClassNotFoundException': java/lang/ObjectCustomizer> (0x000000076c72d010) thrown at [/HUDSON3/workspace/8-2-build-macosx-x86_64/jdk8u73/6086/hotspot/src/share/vm/classfile/systemDictionary.cpp, line 210]
Event: 100.328 Thread 0x00007ffd97833000 Exception <a 'java/lang/ClassNotFoundException': com/netflix/eureka/DefaultEurekaServerContextCustomizer> (0x000000076c7504e0) thrown at [/HUDSON3/workspace/8-2-build-macosx-x86_64/jdk8u73/6086/hotspot/src/share/vm/classfile/systemDictionary.cpp, line 210
Event: 100.328 Thread 0x00007ffd97833000 Exception <a 'java/lang/ClassNotFoundException': com/netflix/eureka/EurekaServerContextCustomizer> (0x000000076c777cd8) thrown at [/HUDSON3/workspace/8-2-build-macosx-x86_64/jdk8u73/6086/hotspot/src/share/vm/classfile/systemDictionary.cpp, line 210]

Events (10 events):
Event: 101.422 loading class com/netflix/discovery/shared/MonitoredConnectionManager
Event: 101.422 loading class com/netflix/discovery/shared/MonitoredConnectionManager done
Event: 101.423 loading class org/apache/http/impl/conn/tsccm/ThreadSafeClientConnManager
Event: 101.423 loading class org/apache/http/impl/conn/tsccm/ThreadSafeClientConnManager done
Event: 101.444 loading class org/apache/http/conn/ClientConnectionManager
Event: 101.444 loading class org/apache/http/conn/ClientConnectionManager done
Event: 101.452 loading class org/apache/http/impl/conn/tsccm/AbstractConnPool
Event: 101.452 loading class org/apache/http/impl/conn/tsccm/AbstractConnPool done
Event: 101.453 loading class org/apache/http/impl/conn/tsccm/ConnPoolByRoute
Event: 101.453 loading class org/apache/http/impl/conn/tsccm/ConnPoolByRoute done


Dynamic libraries:
0x0000000021da0000 	/System/Library/Frameworks/Cocoa.framework/Versions/A/Cocoa
0x0000000021da0000 	/System/Library/Frameworks/Security.framework/Versions/A/Security
0x0000000021da0000 	/System/Library/Frameworks/ApplicationServices.framework/Versions/A/ApplicationServices
0x0000000021da0000 	/usr/lib/libz.1.dylib
0x0000000021da0000 	/usr/lib/libSystem.B.dylib
0x0000000021da0000 	/usr/lib/libobjc.A.dylib
0x0000000021da0000 	/System/Library/Frameworks/CoreFoundation.framework/Versions/A/CoreFoundation
0x0000000021da0000 	/System/Library/Frameworks/Foundation.framework/Versions/C/Foundation
0x0000000021da0000 	/System/Library/Frameworks/AppKit.framework/Versions/C/AppKit
0x0000000021da0000 	/System/Library/Frameworks/CoreData.framework/Versions/A/CoreData
0x0000000021da0000 	/System/Library/PrivateFrameworks/RemoteViewServices.framework/Versions/A/RemoteViewServices
0x0000000021da0000 	/System/Library/PrivateFrameworks/UIFoundation.framework/Versions/A/UIFoundation
0x0000000021da0000 	/System/Library/PrivateFrameworks/DFRFoundation.framework/Versions/A/DFRFoundation
0x0000000021da0000 	/System/Library/Frameworks/Metal.framework/Versions/A/Metal
0x0000000021da0000 	/System/Library/PrivateFrameworks/DesktopServicesPriv.framework/Versions/A/DesktopServicesPriv
0x0000000021da0000 	/usr/lib/libenergytrace.dylib
0x0000000021da0000 	/System/Library/PrivateFrameworks/SkyLight.framework/Versions/A/SkyLight
0x0000000021da0000 	/System/Library/Frameworks/CoreGraphics.framework/Versions/A/CoreGraphics
0x0000000021da0000 	/usr/lib/libScreenReader.dylib
0x0000000021da0000 	/System/Library/Frameworks/Accelerate.framework/Versions/A/Accelerate
0x0000000021da0000 	/System/Library/Frameworks/IOSurface.framework/Versions/A/IOSurface
0x0000000021da0000 	/System/Library/Frameworks/AudioToolbox.framework/Versions/A/AudioToolbox
0x0000000021da0000 	/System/Library/Frameworks/AudioUnit.framework/Versions/A/AudioUnit
0x0000000021da0000 	/System/Library/PrivateFrameworks/DataDetectorsCore.framework/Versions/A/DataDetectorsCore
0x0000000021da0000 	/System/Library/Frameworks/Carbon.framework/Versions/A/Frameworks/HIToolbox.framework/Versions/A/HIToolbox
0x0000000021da0000 	/usr/lib/libicucore.A.dylib
0x0000000021da0000 	/System/Library/Frameworks/QuartzCore.framework/Versions/A/QuartzCore
0x0000000021da0000 	/System/Library/PrivateFrameworks/SignpostNotification.framework/Versions/A/SignpostNotification
0x0000000021da0000 	/System/Library/Frameworks/Carbon.framework/Versions/A/Frameworks/SpeechRecognition.framework/Versions/A/SpeechRecognition
0x0000000021da0000 	/usr/lib/libauto.dylib
0x0000000021da0000 	/usr/lib/libxml2.2.dylib
0x0000000021da0000 	/System/Library/PrivateFrameworks/CoreUI.framework/Versions/A/CoreUI
0x0000000021da0000 	/System/Library/Frameworks/CoreAudio.framework/Versions/A/CoreAudio
0x0000000021da0000 	/System/Library/Frameworks/DiskArbitration.framework/Versions/A/DiskArbitration
0x0000000021da0000 	/usr/lib/liblangid.dylib
0x0000000021da0000 	/System/Library/PrivateFrameworks/MultitouchSupport.framework/Versions/A/MultitouchSupport
0x0000000021da0000 	/System/Library/Frameworks/IOKit.framework/Versions/A/IOKit
0x0000000021da0000 	/usr/lib/libDiagnosticMessagesClient.dylib
0x0000000021da0000 	/System/Library/Frameworks/CoreServices.framework/Versions/A/CoreServices
0x0000000021da0000 	/System/Library/PrivateFrameworks/PerformanceAnalysis.framework/Versions/A/PerformanceAnalysis
0x0000000021da0000 	/System/Library/Frameworks/OpenGL.framework/Versions/A/OpenGL
0x0000000021da0000 	/System/Library/Frameworks/ColorSync.framework/Versions/A/ColorSync
0x0000000021da0000 	/System/Library/Frameworks/CoreImage.framework/Versions/A/CoreImage
0x0000000021da0000 	/System/Library/Frameworks/CoreText.framework/Versions/A/CoreText
0x0000000021da0000 	/System/Library/Frameworks/ImageIO.framework/Versions/A/ImageIO
0x0000000021da0000 	/System/Library/PrivateFrameworks/Backup.framework/Versions/A/Backup
0x0000000021da0000 	/usr/lib/libarchive.2.dylib
0x0000000021da0000 	/System/Library/Frameworks/CFNetwork.framework/Versions/A/CFNetwork
0x0000000021da0000 	/System/Library/Frameworks/SystemConfiguration.framework/Versions/A/SystemConfiguration
0x0000000021da0000 	/usr/lib/libCRFSuite.dylib
0x0000000021da0000 	/usr/lib/libc++.1.dylib
0x0000000021da0000 	/usr/lib/libc++abi.dylib
0x0000000021da0000 	/usr/lib/system/libcache.dylib
0x0000000021da0000 	/usr/lib/system/libcommonCrypto.dylib
0x0000000021da0000 	/usr/lib/system/libcompiler_rt.dylib
0x0000000021da0000 	/usr/lib/system/libcopyfile.dylib
0x0000000021da0000 	/usr/lib/system/libcorecrypto.dylib
0x0000000021da0000 	/usr/lib/system/libdispatch.dylib
0x0000000021da0000 	/usr/lib/system/libdyld.dylib
0x0000000021da0000 	/usr/lib/system/libkeymgr.dylib
0x0000000021da0000 	/usr/lib/system/liblaunch.dylib
0x0000000021da0000 	/usr/lib/system/libmacho.dylib
0x0000000021da0000 	/usr/lib/system/libquarantine.dylib
0x0000000021da0000 	/usr/lib/system/libremovefile.dylib
0x0000000021da0000 	/usr/lib/system/libsystem_asl.dylib
0x0000000021da0000 	/usr/lib/system/libsystem_blocks.dylib
0x0000000021da0000 	/usr/lib/system/libsystem_c.dylib
0x0000000021da0000 	/usr/lib/system/libsystem_configuration.dylib
0x0000000021da0000 	/usr/lib/system/libsystem_coreservices.dylib
0x0000000021da0000 	/usr/lib/system/libsystem_darwin.dylib
0x0000000021da0000 	/usr/lib/system/libsystem_dnssd.dylib
0x0000000021da0000 	/usr/lib/system/libsystem_info.dylib
0x0000000021da0000 	/usr/lib/system/libsystem_m.dylib
0x0000000021da0000 	/usr/lib/system/libsystem_malloc.dylib
0x0000000021da0000 	/usr/lib/system/libsystem_network.dylib
0x0000000021da0000 	/usr/lib/system/libsystem_networkextension.dylib
0x0000000021da0000 	/usr/lib/system/libsystem_notify.dylib
0x0000000021da0000 	/usr/lib/system/libsystem_sandbox.dylib
0x0000000021da0000 	/usr/lib/system/libsystem_secinit.dylib
0x0000000021da0000 	/usr/lib/system/libsystem_kernel.dylib
0x0000000021da0000 	/usr/lib/system/libsystem_platform.dylib
0x0000000021da0000 	/usr/lib/system/libsystem_pthread.dylib
0x0000000021da0000 	/usr/lib/system/libsystem_symptoms.dylib
0x0000000021da0000 	/usr/lib/system/libsystem_trace.dylib
0x0000000021da0000 	/usr/lib/system/libunwind.dylib
0x0000000021da0000 	/usr/lib/system/libxpc.dylib
0x0000000021da0000 	/usr/lib/closure/libclosured.dylib
0x0000000021da0000 	/usr/lib/libbsm.0.dylib
0x0000000021da0000 	/usr/lib/system/libkxld.dylib
0x0000000021da0000 	/usr/lib/libOpenScriptingUtil.dylib
0x0000000021da0000 	/usr/lib/libcoretls.dylib
0x0000000021da0000 	/usr/lib/libcoretls_cfhelpers.dylib
0x0000000021da0000 	/usr/lib/libpam.2.dylib
0x0000000021da0000 	/usr/lib/libsqlite3.dylib
0x0000000021da0000 	/usr/lib/libxar.1.dylib
0x0000000021da0000 	/usr/lib/libbz2.1.0.dylib
0x0000000021da0000 	/usr/lib/liblzma.5.dylib
0x0000000021da0000 	/usr/lib/libnetwork.dylib
0x0000000021da0000 	/usr/lib/libapple_nghttp2.dylib
0x0000000021da0000 	/usr/lib/libpcap.A.dylib
0x0000000021da0000 	/usr/lib/libboringssl.dylib
0x0000000021da0000 	/usr/lib/libusrtcp.dylib
0x0000000021da0000 	/usr/lib/libapple_crypto.dylib
0x0000000021da0000 	/System/Library/Frameworks/CoreServices.framework/Versions/A/Frameworks/FSEvents.framework/Versions/A/FSEvents
0x0000000021da0000 	/System/Library/Frameworks/CoreServices.framework/Versions/A/Frameworks/CarbonCore.framework/Versions/A/CarbonCore
0x0000000021da0000 	/System/Library/Frameworks/CoreServices.framework/Versions/A/Frameworks/Metadata.framework/Versions/A/Metadata
0x0000000021da0000 	/System/Library/Frameworks/CoreServices.framework/Versions/A/Frameworks/OSServices.framework/Versions/A/OSServices
0x0000000021da0000 	/System/Library/Frameworks/CoreServices.framework/Versions/A/Frameworks/SearchKit.framework/Versions/A/SearchKit
0x0000000021da0000 	/System/Library/Frameworks/CoreServices.framework/Versions/A/Frameworks/AE.framework/Versions/A/AE
0x0000000021da0000 	/System/Library/Frameworks/CoreServices.framework/Versions/A/Frameworks/LaunchServices.framework/Versions/A/LaunchServices
0x0000000021da0000 	/System/Library/Frameworks/CoreServices.framework/Versions/A/Frameworks/DictionaryServices.framework/Versions/A/DictionaryServices
0x0000000021da0000 	/System/Library/Frameworks/CoreServices.framework/Versions/A/Frameworks/SharedFileList.framework/Versions/A/SharedFileList
0x0000000021da0000 	/System/Library/Frameworks/NetFS.framework/Versions/A/NetFS
0x0000000021da0000 	/System/Library/PrivateFrameworks/NetAuth.framework/Versions/A/NetAuth
0x0000000021da0000 	/System/Library/PrivateFrameworks/login.framework/Versions/A/Frameworks/loginsupport.framework/Versions/A/loginsupport
0x0000000021da0000 	/System/Library/PrivateFrameworks/TCC.framework/Versions/A/TCC
0x0000000021da0000 	/usr/lib/libmecabra.dylib
0x0000000021da0000 	/System/Library/Frameworks/ApplicationServices.framework/Versions/A/Frameworks/ATS.framework/Versions/A/ATS
0x0000000021da0000 	/System/Library/Frameworks/ApplicationServices.framework/Versions/A/Frameworks/ColorSyncLegacy.framework/Versions/A/ColorSyncLegacy
0x0000000021da0000 	/System/Library/Frameworks/ApplicationServices.framework/Versions/A/Frameworks/HIServices.framework/Versions/A/HIServices
0x0000000021da0000 	/System/Library/Frameworks/ApplicationServices.framework/Versions/A/Frameworks/LangAnalysis.framework/Versions/A/LangAnalysis
0x0000000021da0000 	/System/Library/Frameworks/ApplicationServices.framework/Versions/A/Frameworks/PrintCore.framework/Versions/A/PrintCore
0x0000000021da0000 	/System/Library/Frameworks/ApplicationServices.framework/Versions/A/Frameworks/QD.framework/Versions/A/QD
0x0000000021da0000 	/System/Library/Frameworks/ApplicationServices.framework/Versions/A/Frameworks/SpeechSynthesis.framework/Versions/A/SpeechSynthesis
0x0000000021da0000 	/System/Library/Frameworks/CoreDisplay.framework/Versions/A/CoreDisplay
0x0000000021da0000 	/System/Library/Frameworks/Accelerate.framework/Versions/A/Frameworks/vImage.framework/Versions/A/vImage
0x0000000021da0000 	/System/Library/Frameworks/Accelerate.framework/Versions/A/Frameworks/vecLib.framework/Versions/A/vecLib
0x0000000021da0000 	/System/Library/Frameworks/Accelerate.framework/Versions/A/Frameworks/vecLib.framework/Versions/A/libvDSP.dylib
0x0000000021da0000 	/System/Library/Frameworks/Accelerate.framework/Versions/A/Frameworks/vecLib.framework/Versions/A/libBNNS.dylib
0x0000000021da0000 	/System/Library/Frameworks/Accelerate.framework/Versions/A/Frameworks/vecLib.framework/Versions/A/libQuadrature.dylib
0x0000000021da0000 	/System/Library/Frameworks/Accelerate.framework/Versions/A/Frameworks/vecLib.framework/Versions/A/libvMisc.dylib
0x0000000021da0000 	/System/Library/Frameworks/Accelerate.framework/Versions/A/Frameworks/vecLib.framework/Versions/A/libLAPACK.dylib
0x0000000021da0000 	/System/Library/Frameworks/Accelerate.framework/Versions/A/Frameworks/vecLib.framework/Versions/A/libBLAS.dylib
0x0000000021da0000 	/System/Library/Frameworks/Accelerate.framework/Versions/A/Frameworks/vecLib.framework/Versions/A/libLinearAlgebra.dylib
0x0000000021da0000 	/System/Library/Frameworks/Accelerate.framework/Versions/A/Frameworks/vecLib.framework/Versions/A/libSparse.dylib
0x0000000021da0000 	/System/Library/Frameworks/Accelerate.framework/Versions/A/Frameworks/vecLib.framework/Versions/A/libSparseBLAS.dylib
0x0000000021da0000 	/System/Library/PrivateFrameworks/GPUWrangler.framework/Versions/A/GPUWrangler
0x0000000021da0000 	/System/Library/PrivateFrameworks/IOAccelerator.framework/Versions/A/IOAccelerator
0x0000000021da0000 	/System/Library/PrivateFrameworks/IOPresentment.framework/Versions/A/IOPresentment
0x0000000021da0000 	/System/Library/PrivateFrameworks/DSExternalDisplay.framework/Versions/A/DSExternalDisplay
0x0000000021da0000 	/System/Library/Frameworks/OpenGL.framework/Versions/A/Libraries/libCoreFSCache.dylib
0x0000000021da0000 	/System/Library/Frameworks/CoreVideo.framework/Versions/A/CoreVideo
0x0000000021da0000 	/System/Library/PrivateFrameworks/GraphVisualizer.framework/Versions/A/GraphVisualizer
0x0000000021da0000 	/System/Library/Frameworks/MetalPerformanceShaders.framework/Versions/A/MetalPerformanceShaders
0x0000000021da0000 	/usr/lib/libFosl_dynamic.dylib
0x0000000021da0000 	/System/Library/PrivateFrameworks/FaceCore.framework/Versions/A/FaceCore
0x0000000021da0000 	/System/Library/Frameworks/OpenCL.framework/Versions/A/OpenCL
0x0000000021da0000 	/usr/lib/libcompression.dylib
0x0000000021da0000 	/System/Library/Frameworks/ApplicationServices.framework/Versions/A/Frameworks/ATS.framework/Versions/A/Resources/libFontParser.dylib
0x0000000021da0000 	/System/Library/Frameworks/ApplicationServices.framework/Versions/A/Frameworks/ATS.framework/Versions/A/Resources/libFontRegistry.dylib
0x0000000021da0000 	/System/Library/Frameworks/ImageIO.framework/Versions/A/Resources/libJPEG.dylib
0x0000000021da0000 	/System/Library/Frameworks/ImageIO.framework/Versions/A/Resources/libTIFF.dylib
0x0000000021da0000 	/System/Library/Frameworks/ImageIO.framework/Versions/A/Resources/libPng.dylib
0x0000000021da0000 	/System/Library/Frameworks/ImageIO.framework/Versions/A/Resources/libGIF.dylib
0x0000000021da0000 	/System/Library/Frameworks/ImageIO.framework/Versions/A/Resources/libJP2.dylib
0x0000000021da0000 	/System/Library/Frameworks/ImageIO.framework/Versions/A/Resources/libRadiance.dylib
0x0000000021da0000 	/System/Library/PrivateFrameworks/AppleJPEG.framework/Versions/A/AppleJPEG
0x0000000021da0000 	/System/Library/Frameworks/MetalPerformanceShaders.framework/Frameworks/MPSCore.framework/Versions/A/MPSCore
0x0000000021da0000 	/System/Library/Frameworks/MetalPerformanceShaders.framework/Frameworks/MPSImage.framework/Versions/A/MPSImage
0x0000000021da0000 	/System/Library/Frameworks/MetalPerformanceShaders.framework/Frameworks/MPSNeuralNetwork.framework/Versions/A/MPSNeuralNetwork
0x0000000021da0000 	/System/Library/Frameworks/MetalPerformanceShaders.framework/Frameworks/MPSMatrix.framework/Versions/A/MPSMatrix
0x0000000021da0000 	/System/Library/PrivateFrameworks/MetalTools.framework/Versions/A/MetalTools
0x0000000021da0000 	/System/Library/Frameworks/OpenGL.framework/Versions/A/Libraries/libGLU.dylib
0x0000000021da0000 	/System/Library/Frameworks/OpenGL.framework/Versions/A/Libraries/libGFXShared.dylib
0x0000000021da0000 	/System/Library/Frameworks/OpenGL.framework/Versions/A/Libraries/libGL.dylib
0x0000000021da0000 	/System/Library/Frameworks/OpenGL.framework/Versions/A/Libraries/libGLImage.dylib
0x0000000021da0000 	/System/Library/Frameworks/OpenGL.framework/Versions/A/Libraries/libCVMSPluginSupport.dylib
0x0000000021da0000 	/System/Library/Frameworks/OpenGL.framework/Versions/A/Libraries/libCoreVMClient.dylib
0x0000000021da0000 	/usr/lib/libcups.2.dylib
0x0000000021da0000 	/System/Library/Frameworks/Kerberos.framework/Versions/A/Kerberos
0x0000000021da0000 	/System/Library/Frameworks/GSS.framework/Versions/A/GSS
0x0000000021da0000 	/usr/lib/libresolv.9.dylib
0x0000000021da0000 	/usr/lib/libiconv.2.dylib
0x0000000021da0000 	/System/Library/PrivateFrameworks/Heimdal.framework/Versions/A/Heimdal
0x0000000021da0000 	/usr/lib/libheimdal-asn1.dylib
0x0000000021da0000 	/System/Library/Frameworks/OpenDirectory.framework/Versions/A/OpenDirectory
0x0000000021da0000 	/System/Library/PrivateFrameworks/CommonAuth.framework/Versions/A/CommonAuth
0x0000000021da0000 	/System/Library/Frameworks/OpenDirectory.framework/Versions/A/Frameworks/CFOpenDirectory.framework/Versions/A/CFOpenDirectory
0x0000000021da0000 	/System/Library/Frameworks/SecurityFoundation.framework/Versions/A/SecurityFoundation
0x0000000021da0000 	/System/Library/PrivateFrameworks/APFS.framework/Versions/A/APFS
0x0000000021da0000 	/usr/lib/libutil.dylib
0x0000000021da0000 	/System/Library/PrivateFrameworks/AppleSauce.framework/Versions/A/AppleSauce
0x0000000021da0000 	/System/Library/PrivateFrameworks/LinguisticData.framework/Versions/A/LinguisticData
0x0000000021da0000 	/usr/lib/libmarisa.dylib
0x0000000021da0000 	/System/Library/PrivateFrameworks/Lexicon.framework/Versions/A/Lexicon
0x0000000021da0000 	/usr/lib/libChineseTokenizer.dylib
0x0000000021da0000 	/usr/lib/libcmph.dylib
0x0000000021da0000 	/System/Library/PrivateFrameworks/LanguageModeling.framework/Versions/A/LanguageModeling
0x0000000021da0000 	/System/Library/PrivateFrameworks/CoreEmoji.framework/Versions/A/CoreEmoji
0x0000000021da0000 	/System/Library/Frameworks/ServiceManagement.framework/Versions/A/ServiceManagement
0x0000000021da0000 	/System/Library/PrivateFrameworks/BackgroundTaskManagement.framework/Versions/A/BackgroundTaskManagement
0x0000000021da0000 	/usr/lib/libxslt.1.dylib
0x0000000021da0000 	/System/Library/Frameworks/Carbon.framework/Versions/A/Frameworks/Ink.framework/Versions/A/Ink
0x0000000021da0000 	/System/Library/PrivateFrameworks/TextureIO.framework/Versions/A/TextureIO
0x0000000021da0000 	/usr/lib/libate.dylib
0x0000000021da0000 	/System/Library/PrivateFrameworks/CrashReporterSupport.framework/Versions/A/CrashReporterSupport
0x0000000021da0000 	/System/Library/PrivateFrameworks/Sharing.framework/Versions/A/Sharing
0x0000000021da0000 	/System/Library/PrivateFrameworks/IconServices.framework/Versions/A/IconServices
0x0000000021da0000 	/System/Library/PrivateFrameworks/Apple80211.framework/Versions/A/Apple80211
0x0000000021da0000 	/System/Library/PrivateFrameworks/CoreUtils.framework/Versions/A/CoreUtils
0x0000000021da0000 	/System/Library/Frameworks/CoreWLAN.framework/Versions/A/CoreWLAN
0x0000000021da0000 	/System/Library/Frameworks/IOBluetooth.framework/Versions/A/IOBluetooth
0x0000000021da0000 	/System/Library/PrivateFrameworks/ProtocolBuffer.framework/Versions/A/ProtocolBuffer
0x0000000021da0000 	/System/Library/PrivateFrameworks/CoreWiFi.framework/Versions/A/CoreWiFi
0x0000000021da0000 	/System/Library/Frameworks/CoreBluetooth.framework/Versions/A/CoreBluetooth
0x0000000021da0000 	/System/Library/PrivateFrameworks/DebugSymbols.framework/Versions/A/DebugSymbols
0x0000000021da0000 	/System/Library/PrivateFrameworks/CoreSymbolication.framework/Versions/A/CoreSymbolication
0x0000000021da0000 	/System/Library/PrivateFrameworks/Symbolication.framework/Versions/A/Symbolication
0x0000000021da0000 	/System/Library/PrivateFrameworks/AppleFSCompression.framework/Versions/A/AppleFSCompression
0x0000000021da0000 	/System/Library/PrivateFrameworks/SpeechRecognitionCore.framework/Versions/A/SpeechRecognitionCore
0x0000000103000000 	/Library/Java/JavaVirtualMachines/jdk1.8.0_73.jdk/Contents/Home/jre/lib/server/libjvm.dylib
0x0000000021da0000 	/usr/lib/libstdc++.6.0.9.dylib
0x00000001027c3000 	/Library/Java/JavaVirtualMachines/jdk1.8.0_73.jdk/Contents/Home/jre/lib/libverify.dylib
0x0000000103f8d000 	/Library/Java/JavaVirtualMachines/jdk1.8.0_73.jdk/Contents/Home/jre/lib/libjava.dylib
0x00000001027da000 	/Library/Java/JavaVirtualMachines/jdk1.8.0_73.jdk/Contents/Home/jre/lib/libzip.dylib
0x0000000021da0000 	/System/Library/Frameworks/JavaVM.framework/Versions/A/Frameworks/JavaRuntimeSupport.framework/Versions/A/JavaRuntimeSupport
0x0000000021da0000 	/System/Library/Frameworks/JavaVM.framework/Versions/A/Frameworks/JavaNativeFoundation.framework/Versions/A/JavaNativeFoundation
0x0000000021da0000 	/System/Library/Frameworks/JavaVM.framework/Versions/A/JavaVM
0x0000000021da0000 	/System/Library/Frameworks/Carbon.framework/Versions/A/Carbon
0x0000000021da0000 	/System/Library/PrivateFrameworks/JavaLaunching.framework/Versions/A/JavaLaunching
0x0000000021da0000 	/System/Library/Frameworks/Carbon.framework/Versions/A/Frameworks/CommonPanels.framework/Versions/A/CommonPanels
0x0000000021da0000 	/System/Library/Frameworks/Carbon.framework/Versions/A/Frameworks/Help.framework/Versions/A/Help
0x0000000021da0000 	/System/Library/Frameworks/Carbon.framework/Versions/A/Frameworks/ImageCapture.framework/Versions/A/ImageCapture
0x0000000021da0000 	/System/Library/Frameworks/Carbon.framework/Versions/A/Frameworks/OpenScripting.framework/Versions/A/OpenScripting
0x0000000021da0000 	/System/Library/Frameworks/Carbon.framework/Versions/A/Frameworks/Print.framework/Versions/A/Print
0x0000000021da0000 	/System/Library/Frameworks/Carbon.framework/Versions/A/Frameworks/SecurityHI.framework/Versions/A/SecurityHI
0x00000001074cc000 	/usr/local/Cellar/maven/3.5.2/libexec/lib/jansi-native/osx/libjansi.jnilib
0x00000001076f8000 	/Library/Java/JavaVirtualMachines/jdk1.8.0_73.jdk/Contents/Home/jre/lib/libnet.dylib
0x000000010770f000 	/Library/Java/JavaVirtualMachines/jdk1.8.0_73.jdk/Contents/Home/jre/lib/libnio.dylib
0x0000000107544000 	/Library/Java/JavaVirtualMachines/jdk1.8.0_73.jdk/Contents/Home/jre/lib/libmanagement.dylib
0x00000001078da000 	/Library/Java/JavaVirtualMachines/jdk1.8.0_73.jdk/Contents/Home/jre/lib/libsunec.dylib

VM Arguments:
jvm_args: -Dclassworlds.conf=/usr/local/Cellar/maven/3.5.2/libexec/bin/m2.conf -Dmaven.home=/usr/local/Cellar/maven/3.5.2/libexec -Dlibrary.jansi.path=/usr/local/Cellar/maven/3.5.2/libexec/lib/jansi-native -Dmaven.multiModuleProjectDirectory=/Users/starstories/Documents/Projects/EurekaBoot 
java_command: org.codehaus.plexus.classworlds.launcher.Launcher spring-boot:run
java_class_path (initial): /usr/local/Cellar/maven/3.5.2/libexec/boot/plexus-classworlds-2.5.2.jar
Launcher Type: SUN_STANDARD

Environment Variables:
JAVA_HOME=/Library/Java/JavaVirtualMachines/jdk1.8.0_73.jdk/Contents/Home
PATH=/Library/Frameworks/Python.framework/Versions/3.4/bin:/Applications/MAMP/bin/php/php5.5.3/bin/:/Applications/MAMP/Library/bin/:/Applications/MAMP/htdocs/elvis/lib/Cake/Console/:/usr/local/bin:/usr/bin:/bin:/usr/sbin:/sbin:/Library/TeX/texbin
SHELL=/bin/bash

Signal Handlers:
SIGSEGV: [libjvm.dylib+0x5a71a5], sa_mask[0]=11111111011111110111111111111111, sa_flags=SA_ONSTACK|SA_RESTART|SA_SIGINFO
SIGBUS: [libjvm.dylib+0x5a71a5], sa_mask[0]=11111111011111110111111111111111, sa_flags=SA_RESTART|SA_SIGINFO
SIGFPE: [libjvm.dylib+0x480eb4], sa_mask[0]=11111111011111110111111111111111, sa_flags=SA_RESTART|SA_SIGINFO
SIGPIPE: [libjvm.dylib+0x480eb4], sa_mask[0]=11111111011111110111111111111111, sa_flags=SA_RESTART|SA_SIGINFO
SIGXFSZ: [libjvm.dylib+0x480eb4], sa_mask[0]=11111111011111110111111111111111, sa_flags=SA_RESTART|SA_SIGINFO
SIGILL: [libjvm.dylib+0x480eb4], sa_mask[0]=11111111011111110111111111111111, sa_flags=SA_RESTART|SA_SIGINFO
SIGUSR1: SIG_DFL, sa_mask[0]=11011111011111100000000111000110, sa_flags=none
SIGUSR2: [libjvm.dylib+0x4809d2], sa_mask[0]=00000000000000000000000000000000, sa_flags=SA_RESTART|SA_SIGINFO
SIGHUP: [libjvm.dylib+0x47efa9], sa_mask[0]=11111111011111110111111111111111, sa_flags=SA_RESTART|SA_SIGINFO
SIGINT: [libjvm.dylib+0x47efa9], sa_mask[0]=11111111011111110111111111111111, sa_flags=SA_RESTART|SA_SIGINFO
SIGTERM: [libjvm.dylib+0x47efa9], sa_mask[0]=11111111011111110111111111111111, sa_flags=SA_RESTART|SA_SIGINFO
SIGQUIT: [libjvm.dylib+0x47efa9], sa_mask[0]=11111111011111110111111111111111, sa_flags=SA_RESTART|SA_SIGINFO


---------------  S Y S T E M  ---------------

OS:Bsduname:Darwin 17.5.0 Darwin Kernel Version 17.5.0: Mon Mar  5 22:24:32 PST 2018; root:xnu-4570.51.1~1/RELEASE_X86_64 x86_64
rlimit: STACK 8192k, CORE 0k, NPROC 1418, NOFILE 10240, AS infinity
load average:11.03 4.85 2.82

CPU:total 4 (4 cores per cpu, 1 threads per core) family 6 model 42 stepping 7, cmov, cx8, fxsr, mmx, sse, sse2, sse3, ssse3, sse4.1, sse4.2, popcnt, avx, aes, clmul, tsc, tscinvbit

Memory: 4k page, physical 16777216k(222672k free)

/proc/meminfo:


vm_info: Java HotSpot(TM) 64-Bit Server VM (25.73-b02) for bsd-amd64 JRE (1.8.0_73-b02), built on Jan 29 2016 15:02:00 by "java_re" with gcc 4.2.1 (Based on Apple Inc. build 5658) (LLVM build 2336.11.00)

time: Fri Apr  6 17:21:00 2018
elapsed time: 102 seconds (0d 0h 1m 42s)

